# JRE version: OpenJDK Runtime Environment (11.0.12+7) (build 11.0.12+7-b1504.28-7817840)
# Java VM: OpenJDK 64-Bit Server VM (11.0.12+7-b1504.28-7817840, mixed mode, tiered, compressed oops, g1 gc, windows-amd64)
Heap:
 garbage-first heap   total 129024K, used 26089K [0x0000000083a00000, 0x0000000100000000)
  region size 1024K, 21 young (21504K), 5 survivors (5120K)
 Metaspace       used 31998K, capacity 32691K, committed 32816K, reserved 1079296K
  class space    used 3670K, capacity 3889K, committed 3968K, reserved 1048576K
GC Heap History (6 events):
Event: 2.382 GC heap before
{Heap before GC invocations=0 (full 0):
 garbage-first heap   total 129024K, used 27648K [0x0000000083a00000, 0x0000000100000000)
  region size 1024K, 24 young (24576K), 0 survivors (0K)
 Metaspace       used 15802K, capacity 16122K, committed 16384K, reserved 1064960K
  class space    used 1679K, capacity 1768K, committed 1792K, reserved 1048576K
}
Event: 2.388 GC heap after
{Heap after GC invocations=1 (full 0):
 garbage-first heap   total 129024K, used 6534K [0x0000000083a00000, 0x0000000100000000)
  region size 1024K, 3 young (3072K), 3 survivors (3072K)
 Metaspace       used 15802K, capacity 16122K, committed 16384K, reserved 1064960K
  class space    used 1679K, capacity 1768K, committed 1792K, reserved 1048576K
}
Event: 3.139 GC heap before
{Heap before GC invocations=1 (full 0):
 garbage-first heap   total 129024K, used 21894K [0x0000000083a00000, 0x0000000100000000)
  region size 1024K, 19 young (19456K), 3 survivors (3072K)
 Metaspace       used 20675K, capacity 21126K, committed 21296K, reserved 1069056K
  class space    used 2222K, capacity 2322K, committed 2432K, reserved 1048576K
}
Event: 3.145 GC heap after
{Heap after GC invocations=2 (full 0):
 garbage-first heap   total 129024K, used 9267K [0x0000000083a00000, 0x0000000100000000)
  region size 1024K, 6 young (6144K), 6 survivors (6144K)
 Metaspace       used 20675K, capacity 21126K, committed 21296K, reserved 1069056K
  class space    used 2222K, capacity 2322K, committed 2432K, reserved 1048576K
}
Event: 4.134 GC heap before
{Heap before GC invocations=3 (full 0):
 garbage-first heap   total 129024K, used 44083K [0x0000000083a00000, 0x0000000100000000)
  region size 1024K, 40 young (40960K), 6 survivors (6144K)
 Metaspace       used 28922K, capacity 29533K, committed 29872K, reserved 1075200K
  class space    used 3262K, capacity 3495K, committed 3584K, reserved 1048576K
}
Event: 4.141 GC heap after
{Heap after GC invocations=4 (full 0):
 garbage-first heap   total 129024K, used 11753K [0x0000000083a00000, 0x0000000100000000)
  region size 1024K, 5 young (5120K), 5 survivors (5120K)
 Metaspace       used 28922K, capacity 29533K, committed 29872K, reserved 1075200K
  class space    used 3262K, capacity 3495K, committed 3584K, reserved 1048576K
}

